2025-04-25 16:31:47 - Created domain dashboard: /Users/austinavent/Nextcloud/Obsidian/Ventura_Orbit/0-Origins/Origins.md
2025-04-25 16:31:47 - Created index file: /Users/austinavent/Nextcloud/Obsidian/Ventura_Orbit/0-Origins/.index.md
2025-04-25 16:31:47 - Created index file: /Users/austinavent/Nextcloud/Obsidian/Ventura_Orbit/0-Origins/.0-inbox/.index.md
2025-04-25 16:31:47 - Created domain dashboard: /Users/austinavent/Nextcloud/Obsidian/Ventura_Orbit/1-Self/Self.md
2025-04-25 16:31:47 - Created index file: /Users/austinavent/Nextcloud/Obsidian/Ventura_Orbit/1-Self/.index.md
2025-04-25 16:31:47 - Created index file: /Users/austinavent/Nextcloud/Obsidian/Ventura_Orbit/1-Self/.0-inbox/.index.md
2025-04-25 16:31:47 - Created domain dashboard: /Users/austinavent/Nextcloud/Obsidian/Ventura_Orbit/2-Health/Health.md
2025-04-25 16:31:47 - Created index file: /Users/austinavent/Nextcloud/Obsidian/Ventura_Orbit/2-Health/.index.md
2025-04-25 16:31:47 - Created index file: /Users/austinavent/Nextcloud/Obsidian/Ventura_Orbit/2-Health/.0-inbox/.index.md
2025-04-25 16:31:47 - Created domain dashboard: /Users/austinavent/Nextcloud/Obsidian/Ventura_Orbit/3-Philosophy/Philosophy.md
2025-04-25 16:31:47 - Created index file: /Users/austinavent/Nextcloud/Obsidian/Ventura_Orbit/3-Philosophy/.index.md
2025-04-25 16:31:47 - Created index file: /Users/austinavent/Nextcloud/Obsidian/Ventura_Orbit/3-Philosophy/.0-inbox/.index.md
2025-04-25 16:31:47 - Created domain dashboard: /Users/austinavent/Nextcloud/Obsidian/Ventura_Orbit/4-Expression/Expression.md
2025-04-25 16:31:47 - Created index file: /Users/austinavent/Nextcloud/Obsidian/Ventura_Orbit/4-Expression/.index.md
2025-04-25 16:31:47 - Created index file: /Users/austinavent/Nextcloud/Obsidian/Ventura_Orbit/4-Expression/.0-inbox/.index.md
2025-04-25 16:31:47 - Created domain dashboard: /Users/austinavent/Nextcloud/Obsidian/Ventura_Orbit/5-Culture/Culture.md
2025-04-25 16:31:47 - Created index file: /Users/austinavent/Nextcloud/Obsidian/Ventura_Orbit/5-Culture/.index.md
2025-04-25 16:31:47 - Created index file: /Users/austinavent/Nextcloud/Obsidian/Ventura_Orbit/5-Culture/.0-inbox/.index.md
2025-04-25 16:31:47 - Created domain dashboard: /Users/austinavent/Nextcloud/Obsidian/Ventura_Orbit/6-People/People.md
2025-04-25 16:31:47 - Created index file: /Users/austinavent/Nextcloud/Obsidian/Ventura_Orbit/6-People/.index.md
2025-04-25 16:31:47 - Created index file: /Users/austinavent/Nextcloud/Obsidian/Ventura_Orbit/6-People/.0-inbox/.index.md
2025-04-25 16:31:47 - Created domain dashboard: /Users/austinavent/Nextcloud/Obsidian/Ventura_Orbit/7-Environment/Environment.md
2025-04-25 16:31:47 - Created index file: /Users/austinavent/Nextcloud/Obsidian/Ventura_Orbit/7-Environment/.index.md
2025-04-25 16:31:47 - Created index file: /Users/austinavent/Nextcloud/Obsidian/Ventura_Orbit/7-Environment/.0-inbox/.index.md
2025-04-25 16:31:47 - Created domain dashboard: /Users/austinavent/Nextcloud/Obsidian/Ventura_Orbit/8-Work_systems/Work_systems.md
2025-04-25 16:31:47 - Created index file: /Users/austinavent/Nextcloud/Obsidian/Ventura_Orbit/8-Work_systems/.index.md
2025-04-25 16:31:47 - Created index file: /Users/austinavent/Nextcloud/Obsidian/Ventura_Orbit/8-Work_systems/.0-inbox/.index.md
2025-04-25 16:31:47 - Created domain dashboard: /Users/austinavent/Nextcloud/Obsidian/Ventura_Orbit/9-Meta_resources/Meta_resources.md
2025-04-25 16:31:47 - Created index file: /Users/austinavent/Nextcloud/Obsidian/Ventura_Orbit/9-Meta_resources/.index.md
2025-04-25 16:31:47 - Created index file: /Users/austinavent/Nextcloud/Obsidian/Ventura_Orbit/9-Meta_resources/.0-inbox/.index.md
2025-04-25 16:31:47 - Copying Obsidian configuration from /Users/austinavent/Library/CloudStorage/Dropbox/Areas/DASR/DASR/.obsidian to /Users/austinavent/Nextcloud/Obsidian/Ventura_Orbit/.obsidian
2025-04-25 16:31:47 - Backing up existing .obsidian folder to /Users/austinavent/Nextcloud/Obsidian/Ventura_Orbit/.obsidian-backup-20250425-163147
2025-04-25 16:31:48 - Error copying Obsidian configuration: [('/Users/austinavent/Library/CloudStorage/Dropbox/Areas/DASR/DASR/.obsidian/core-plugins.json', '/Users/austinavent/Nextcloud/Obsidian/Ventura_Orbit/.obsidian/core-plugins.json', "[Errno 60] Operation timed out: '/Users/austinavent/Library/CloudStorage/Dropbox/Areas/DASR/DASR/.obsidian/core-plugins.json' -> '/Users/austinavent/Nextcloud/Obsidian/Ventura_Orbit/.obsidian/core-plugins.json'")]
2025-04-25 16:31:48 - ORBIT directory structure setup complete!
2025-04-25 16:31:48 - Vault path: /Users/austinavent/Nextcloud/Obsidian/Ventura_Orbit
2025-04-25 16:33:07 - Created domain dashboard: /Users/austinavent/Nextcloud/Obsidian/Ventura_Orbit/0-Origins/Origins.md
2025-04-25 16:33:07 - Created index file: /Users/austinavent/Nextcloud/Obsidian/Ventura_Orbit/0-Origins/.index.md
2025-04-25 16:33:07 - Created index file: /Users/austinavent/Nextcloud/Obsidian/Ventura_Orbit/0-Origins/.0-inbox/.index.md
2025-04-25 16:33:07 - Created domain dashboard: /Users/austinavent/Nextcloud/Obsidian/Ventura_Orbit/1-Self/Self.md
2025-04-25 16:33:07 - Created index file: /Users/austinavent/Nextcloud/Obsidian/Ventura_Orbit/1-Self/.index.md
2025-04-25 16:33:07 - Created index file: /Users/austinavent/Nextcloud/Obsidian/Ventura_Orbit/1-Self/.0-inbox/.index.md
2025-04-25 16:33:07 - Created domain dashboard: /Users/austinavent/Nextcloud/Obsidian/Ventura_Orbit/2-Health/Health.md
2025-04-25 16:33:07 - Created index file: /Users/austinavent/Nextcloud/Obsidian/Ventura_Orbit/2-Health/.index.md
2025-04-25 16:33:07 - Created index file: /Users/austinavent/Nextcloud/Obsidian/Ventura_Orbit/2-Health/.0-inbox/.index.md
2025-04-25 16:33:07 - Created domain dashboard: /Users/austinavent/Nextcloud/Obsidian/Ventura_Orbit/3-Philosophy/Philosophy.md
2025-04-25 16:33:07 - Created index file: /Users/austinavent/Nextcloud/Obsidian/Ventura_Orbit/3-Philosophy/.index.md
2025-04-25 16:33:07 - Created index file: /Users/austinavent/Nextcloud/Obsidian/Ventura_Orbit/3-Philosophy/.0-inbox/.index.md
2025-04-25 16:33:07 - Created domain dashboard: /Users/austinavent/Nextcloud/Obsidian/Ventura_Orbit/4-Expression/Expression.md
2025-04-25 16:33:07 - Created index file: /Users/austinavent/Nextcloud/Obsidian/Ventura_Orbit/4-Expression/.index.md
2025-04-25 16:33:07 - Created index file: /Users/austinavent/Nextcloud/Obsidian/Ventura_Orbit/4-Expression/.0-inbox/.index.md
2025-04-25 16:33:07 - Created domain dashboard: /Users/austinavent/Nextcloud/Obsidian/Ventura_Orbit/5-Culture/Culture.md
2025-04-25 16:33:07 - Created index file: /Users/austinavent/Nextcloud/Obsidian/Ventura_Orbit/5-Culture/.index.md
2025-04-25 16:33:07 - Created index file: /Users/austinavent/Nextcloud/Obsidian/Ventura_Orbit/5-Culture/.0-inbox/.index.md
2025-04-25 16:33:07 - Created domain dashboard: /Users/austinavent/Nextcloud/Obsidian/Ventura_Orbit/6-People/People.md
2025-04-25 16:33:07 - Created index file: /Users/austinavent/Nextcloud/Obsidian/Ventura_Orbit/6-People/.index.md
2025-04-25 16:33:07 - Created index file: /Users/austinavent/Nextcloud/Obsidian/Ventura_Orbit/6-People/.0-inbox/.index.md
2025-04-25 16:33:07 - Created domain dashboard: /Users/austinavent/Nextcloud/Obsidian/Ventura_Orbit/7-Environment/Environment.md
2025-04-25 16:33:07 - Created index file: /Users/austinavent/Nextcloud/Obsidian/Ventura_Orbit/7-Environment/.index.md
2025-04-25 16:33:07 - Created index file: /Users/austinavent/Nextcloud/Obsidian/Ventura_Orbit/7-Environment/.0-inbox/.index.md
2025-04-25 16:33:07 - Created domain dashboard: /Users/austinavent/Nextcloud/Obsidian/Ventura_Orbit/8-Work_systems/Work_systems.md
2025-04-25 16:33:07 - Created index file: /Users/austinavent/Nextcloud/Obsidian/Ventura_Orbit/8-Work_systems/.index.md
2025-04-25 16:33:07 - Created index file: /Users/austinavent/Nextcloud/Obsidian/Ventura_Orbit/8-Work_systems/.0-inbox/.index.md
2025-04-25 16:33:07 - Created domain dashboard: /Users/austinavent/Nextcloud/Obsidian/Ventura_Orbit/9-Meta_resources/Meta_resources.md
2025-04-25 16:33:07 - Created index file: /Users/austinavent/Nextcloud/Obsidian/Ventura_Orbit/9-Meta_resources/.index.md
2025-04-25 16:33:07 - Created index file: /Users/austinavent/Nextcloud/Obsidian/Ventura_Orbit/9-Meta_resources/.0-inbox/.index.md
2025-04-25 16:33:07 - Copying Obsidian configuration from /Users/austinavent/Library/CloudStorage/Dropbox/Areas/DASR/DASR/.obsidian to /Users/austinavent/Nextcloud/Obsidian/Ventura_Orbit/.obsidian
2025-04-25 16:33:07 - Backing up existing .obsidian folder to /Users/austinavent/Nextcloud/Obsidian/Ventura_Orbit/.obsidian-backup-20250425-163307
2025-04-25 16:33:07 - Error copying Obsidian configuration: [('/Users/austinavent/Library/CloudStorage/Dropbox/Areas/DASR/DASR/.obsidian/core-plugins.json', '/Users/austinavent/Nextcloud/Obsidian/Ventura_Orbit/.obsidian/core-plugins.json', "[Errno 60] Operation timed out: '/Users/austinavent/Library/CloudStorage/Dropbox/Areas/DASR/DASR/.obsidian/core-plugins.json' -> '/Users/austinavent/Nextcloud/Obsidian/Ventura_Orbit/.obsidian/core-plugins.json'")]
2025-04-25 16:33:07 - ORBIT directory structure setup complete!
2025-04-25 16:33:07 - Vault path: /Users/austinavent/Nextcloud/Obsidian/Ventura_Orbit
2025-04-25 16:41:46 - Created domain dashboard: /Users/austinavent/Nextcloud/Obsidian/Ventura_Orbit/0-Origins/Origins.md
2025-04-25 16:41:46 - Created domain dashboard: /Users/austinavent/Nextcloud/Obsidian/Ventura_Orbit/1-Self/Self.md
2025-04-25 16:41:46 - Created domain dashboard: /Users/austinavent/Nextcloud/Obsidian/Ventura_Orbit/2-Health/Health.md
2025-04-25 16:41:46 - Created domain dashboard: /Users/austinavent/Nextcloud/Obsidian/Ventura_Orbit/3-Philosophy/Philosophy.md
2025-04-25 16:41:46 - Created domain dashboard: /Users/austinavent/Nextcloud/Obsidian/Ventura_Orbit/4-Expression/Expression.md
2025-04-25 16:41:46 - Created domain dashboard: /Users/austinavent/Nextcloud/Obsidian/Ventura_Orbit/5-Culture/Culture.md
2025-04-25 16:41:46 - Created domain dashboard: /Users/austinavent/Nextcloud/Obsidian/Ventura_Orbit/6-People/People.md
2025-04-25 16:41:46 - Created domain dashboard: /Users/austinavent/Nextcloud/Obsidian/Ventura_Orbit/7-Environment/Environment.md
2025-04-25 16:41:46 - Created domain dashboard: /Users/austinavent/Nextcloud/Obsidian/Ventura_Orbit/8-Work_systems/Work_systems.md
2025-04-25 16:41:46 - Created domain dashboard: /Users/austinavent/Nextcloud/Obsidian/Ventura_Orbit/9-Meta_resources/Meta_resources.md
2025-04-25 16:41:46 - ORBIT directory structure setup complete!
2025-04-25 16:41:46 - Vault path: /Users/austinavent/Nextcloud/Obsidian/Ventura_Orbit
2025-04-25 16:47:33 - Created domain dashboard: /Users/austinavent/Nextcloud/Obsidian/Ventura_Orbit/0-Origins/Origins.md
2025-04-25 16:47:33 - Created domain dashboard: /Users/austinavent/Nextcloud/Obsidian/Ventura_Orbit/1-Self/Self.md
2025-04-25 16:47:33 - Created domain dashboard: /Users/austinavent/Nextcloud/Obsidian/Ventura_Orbit/2-Health/Health.md
2025-04-25 16:47:33 - Created domain dashboard: /Users/austinavent/Nextcloud/Obsidian/Ventura_Orbit/3-Philosophy/Philosophy.md
2025-04-25 16:47:33 - Created domain dashboard: /Users/austinavent/Nextcloud/Obsidian/Ventura_Orbit/4-Expression/Expression.md
2025-04-25 16:47:33 - Created domain dashboard: /Users/austinavent/Nextcloud/Obsidian/Ventura_Orbit/5-Culture/Culture.md
2025-04-25 16:47:33 - Created domain dashboard: /Users/austinavent/Nextcloud/Obsidian/Ventura_Orbit/6-People/People.md
2025-04-25 16:47:33 - Created domain dashboard: /Users/austinavent/Nextcloud/Obsidian/Ventura_Orbit/7-Environment/Environment.md
2025-04-25 16:47:33 - Created domain dashboard: /Users/austinavent/Nextcloud/Obsidian/Ventura_Orbit/8-Work_systems/Work_systems.md
2025-04-25 16:47:33 - Created domain dashboard: /Users/austinavent/Nextcloud/Obsidian/Ventura_Orbit/9-Meta_resources/Meta_resources.md
2025-04-25 16:47:33 - ORBIT directory structure setup complete!
2025-04-25 16:47:33 - Vault path: /Users/austinavent/Nextcloud/Obsidian/Ventura_Orbit
